
> skatehive@0.1.1 build /Users/web3warrior/Documents/Code/pioneer/skateapp
> pnpm type-check && vite build


> skatehive@0.1.1 type-check /Users/web3warrior/Documents/Code/pioneer/skateapp
> tsc

vite v5.0.8 building for production...
transforming...
node_modules/.pnpm/@pioneer-platform+pioneer-react@0.2.39_@babel+core@7.23.6_@babel+runtime@7.23.6_@chakra-ui+sy_br2ti657hi6l4vddgl6564tlty/node_modules/@pioneer-platform/pioneer-react/dist/index.js (219880:18) Use of eval in "node_modules/.pnpm/@pioneer-platform+pioneer-react@0.2.39_@babel+core@7.23.6_@babel+runtime@7.23.6_@chakra-ui+sy_br2ti657hi6l4vddgl6564tlty/node_modules/@pioneer-platform/pioneer-react/dist/index.js" is strongly discouraged as it poses security risks and may cause issues with minification.
node_modules/.pnpm/@hiveio+dhive@1.2.8/node_modules/@hiveio/dhive/dist/dhive.js (14156:13) Use of eval in "node_modules/.pnpm/@hiveio+dhive@1.2.8/node_modules/@hiveio/dhive/dist/dhive.js" is strongly discouraged as it poses security risks and may cause issues with minification.
✓ 2638 modules transformed.
rendering chunks...
[plugin:vite:reporter] 
(!) /Users/web3warrior/Documents/Code/pioneer/skateapp/src/lib/pages/home/dao/components/steemskate/subscribers.tsx is dynamically imported by /Users/web3warrior/Documents/Code/pioneer/skateapp/src/lib/router/routes.tsx but also statically imported by /Users/web3warrior/Documents/Code/pioneer/skateapp/src/lib/router/routes.tsx, dynamic import will not move module into another chunk.

[plugin:vite:reporter] 
(!) /Users/web3warrior/Documents/Code/pioneer/skateapp/src/lib/pages/upload/newUpload.tsx is dynamically imported by /Users/web3warrior/Documents/Code/pioneer/skateapp/src/lib/router/routes.tsx but also statically imported by /Users/web3warrior/Documents/Code/pioneer/skateapp/src/lib/pages/upload/index.tsx, dynamic import will not move module into another chunk.

computing gzip size...
dist/index.html                                                         2.88 kB │ gzip:     0.88 kB
dist/assets/press-start-2p-latin-ext-400-normal-dfLm-fpP.woff           4.76 kB
dist/assets/press-start-2p-latin-400-normal-Sn5nZiig.woff               6.35 kB
dist/assets/press-start-2p-greek-400-normal-1CE9GD2V.woff2              6.59 kB
dist/assets/press-start-2p-cyrillic-ext-400-normal-jiEBE9rN.woff2       6.72 kB
dist/assets/press-start-2p-cyrillic-400-normal-KBJThqjX.woff2           6.86 kB
dist/assets/press-start-2p-latin-ext-400-normal-wyGuIpt9.woff2          9.65 kB
dist/assets/roboto-mono-vietnamese-wght-normal-e5whAmE_.woff2          10.26 kB
dist/assets/plus-jakarta-sans-latin-400-normal-RK3gM0bI.woff2          11.88 kB
dist/assets/plus-jakarta-sans-latin-200-normal-wBsIge5v.woff2          11.90 kB
dist/assets/plus-jakarta-sans-latin-800-normal-K-BnVLkk.woff2          12.04 kB
dist/assets/plus-jakarta-sans-latin-300-normal-c4eP2Mq3.woff2          12.22 kB
dist/assets/plus-jakarta-sans-latin-600-normal-2R0x_2EC.woff2          12.23 kB
dist/assets/plus-jakarta-sans-latin-700-normal-clfixDYb.woff2          12.36 kB
dist/assets/plus-jakarta-sans-latin-500-normal-ECYFN2hz.woff2          12.38 kB
dist/assets/press-start-2p-latin-400-normal-MY_ZUb1b.woff2             12.48 kB
dist/assets/roboto-mono-greek-wght-normal-ufDI1Lvs.woff2               14.09 kB
dist/assets/plus-jakarta-sans-latin-400-normal-eN9KqeO-.woff           15.88 kB
dist/assets/plus-jakarta-sans-latin-200-normal-GbaUsCSC.woff           15.92 kB
dist/assets/plus-jakarta-sans-latin-800-normal-X9qLQ4ya.woff           15.92 kB
dist/assets/plus-jakarta-sans-latin-600-normal-Rju_3Sno.woff           16.23 kB
dist/assets/plus-jakarta-sans-latin-700-normal-fhqqdacL.woff           16.26 kB
dist/assets/plus-jakarta-sans-latin-500-normal-PKAYKcwx.woff           16.28 kB
dist/assets/plus-jakarta-sans-latin-300-normal-Ony1anL_.woff           16.31 kB
dist/assets/roboto-mono-cyrillic-wght-normal-ivVO1e9b.woff2            18.60 kB
dist/assets/roboto-mono-latin-ext-wght-normal-VicClZvQ.woff2           22.87 kB
dist/assets/londrina-solid-latin-400-normal-R_C4kr2H.woff              25.66 kB
dist/assets/creepster-latin-400-normal-5yqTPsrF.woff2                  28.12 kB
dist/assets/londrina-solid-latin-400-normal-q7zKuug4.woff2             30.89 kB
dist/assets/creepster-latin-400-normal-xYnWmp8s.woff                   32.71 kB
dist/assets/roboto-mono-latin-wght-normal-xkarxhiP.woff2               32.94 kB
dist/assets/roboto-mono-cyrillic-ext-wght-normal-z7umhAJ3.woff2        35.89 kB
dist/assets/index-upnJE776.css                                          0.40 kB │ gzip:     0.25 kB
dist/assets/index-W0YJ4sbw.css                                          0.42 kB │ gzip:     0.26 kB
dist/assets/index-6V3hH0wi.css                                         49.05 kB │ gzip:    16.59 kB
dist/assets/map-0qZImZux.js                                             0.50 kB │ gzip:     0.40 kB
dist/assets/thatsgnarly-Qmt3eriM.js                                     0.64 kB │ gzip:     0.43 kB
dist/assets/usersReputation-djd9olGR.js                                 0.76 kB │ gzip:     0.52 kB
dist/assets/index-JQ-t0cvv.js                                           1.41 kB │ gzip:     0.56 kB
dist/assets/beCool-AUrG8bJ-.js                                          4.19 kB │ gzip:     1.91 kB
dist/assets/lbry-rNRRtq-z.js                                            4.33 kB │ gzip:     1.45 kB
dist/assets/index-CN4Ux0Jh.js                                           4.49 kB │ gzip:     1.81 kB
dist/assets/AccountCreation-xz6YRRlr.js                                 4.60 kB │ gzip:     2.11 kB
dist/assets/authorProfile-sHGoDzHU.js                                   5.37 kB │ gzip:     2.25 kB
dist/assets/gnarsDelegation2-KO_3ewRz.js                                5.62 kB │ gzip:     2.63 kB
dist/assets/index-ri7rjKnd.js                                           5.96 kB │ gzip:     2.68 kB
dist/assets/index-2-fWADAO.js                                           6.30 kB │ gzip:     2.06 kB
dist/assets/tutorialPage-gic8tLlC.js                                   17.79 kB │ gzip:     4.82 kB
dist/assets/MarkdownRenderers-Avr826kM.js                              34.50 kB │ gzip:    11.05 kB
dist/assets/gnarsDelegation-bBcl6KGs.js                                41.94 kB │ gzip:     7.28 kB
dist/assets/Feed-byI0EIqb.js                                           51.86 kB │ gzip:    17.91 kB
dist/assets/index-AS-GaIsg.js                                          52.48 kB │ gzip:    14.71 kB
dist/assets/index-rQclg3lT.js                                          60.24 kB │ gzip:    11.88 kB
dist/assets/gnars-Z7rT_GQD.js                                         226.91 kB │ gzip:    77.90 kB
dist/assets/index-i5yniFjk.js                                         276.25 kB │ gzip:    89.33 kB
dist/assets/index-MtGPO_T6.js                                      12,328.65 kB │ gzip: 2,913.42 kB

(!) Some chunks are larger than 500 kB after minification. Consider:
- Using dynamic import() to code-split the application
- Use build.rollupOptions.output.manualChunks to improve chunking: https://rollupjs.org/configuration-options/#output-manualchunks
- Adjust chunk size limit for this warning via build.chunkSizeWarningLimit.
✓ built in 1m 35s
